<?xml version="1.0" encoding="UTF-8"?>
<!-- Generated by org.testng.reporters.JUnitReportReporter -->
<testsuite skipped="1" hostname="LAPTOP-4BK013Q7" name="test.AutomationTest" tests="2" failures="0" timestamp="2021-12-11T16:28:23 IST" time="16.253" errors="0">
  <testcase name="addProducts" time="16.253" classname="test.AutomationTest"/>
  <system-out/>
  <testcase name="verifySocialLinks" classname="test.AutomationTest">
    <skipped/>
  </testcase> <!-- verifySocialLinks -->
  <system-out/>
</testsuite> <!-- test.AutomationTest -->
